10:44:44.408 [JavaFX Application Thread] DEBUG GameApplication      - Logger initialized
10:44:44.428 [JavaFX Application Thread] DEBUG GameApplication      - Logging settings
Title: Pac-Man
Version: 0.1
Width: 800
Height: 800
Fullscreen: false
Intro: false
Menus: false
Profiling: false
Single step:false
App Mode: DEVELOPER
Menu Key: ESCAPE
Stage Style: DECORATED
Scene Factory: class com.almasb.fxgl.scene.SceneFactory
Dialog Factory: class com.almasb.fxgl.ui.FXGLDialogFactory
UI Factory: class com.almasb.fxgl.ui.FXGLUIFactory
Notification Service: class com.almasb.fxgl.gameplay.notification.XboxNotificationView
Exception Handler: class com.almasb.fxgl.app.FXGLExceptionHandler
10:44:44.429 [JavaFX Application Thread] DEBUG GameApplication      - Starting FXGL
10:44:44.442 [JavaFX Application Thread] INFO  FXGL                 - FXGL-0.5.4 on DESKTOP
10:44:44.442 [JavaFX Application Thread] INFO  FXGL                 - Source code and latest versions at: https://github.com/AlmasB/FXGL
10:44:44.443 [JavaFX Application Thread] INFO  FXGL                 -              Join the FXGL chat at: https://gitter.im/AlmasB/FXGL
10:44:44.443 [JavaFX Application Thread] DEBUG FXGL                 - FXGL started
10:44:44.444 [JavaFX Application Thread] DEBUG FXGL                 - Initializing FXGL
10:44:44.532 [JavaFX Application Thread] DEBUG AssetLoader          - Loading from disk: /assets/ui/cursors/fxgl_default.png
10:44:44.614 [JavaFX Application Thread] DEBUG AssetLoader          - Loading from disk: /assets/ui/fonts/VarelaRound-Regular.ttf
10:44:44.891 [JavaFX Application Thread] DEBUG MainWindow           - Creating a JavaFX scene
10:44:44.975 [JavaFX Application Thread] DEBUG MainWindow           - Target settings size: 800.0 x 800.0
10:44:44.976 [JavaFX Application Thread] DEBUG MainWindow           - Scaled scene size:    800.0 x 800.0
10:44:44.977 [JavaFX Application Thread] DEBUG MainWindow           - Scaled ratio: (1.0, 1.0)
10:44:45.001 [JavaFX Application Thread] DEBUG AssetLoader          - Loading from disk: /assets/ui/css/fxgl_dark.css
10:44:45.012 [JavaFX Application Thread] DEBUG AssetLoader          - Loading from disk: /assets/textures/fxgl_icon.png
10:44:45.065 [JavaFX Application Thread] DEBUG MainWindow           - Opening main window
10:44:45.567 [JavaFX Application Thread] DEBUG MainWindow           - Window border size: (6.0, 29.0)
10:44:45.567 [JavaFX Application Thread] DEBUG MainWindow           - Scaled size: 800.0 x 800.0
10:44:45.568 [JavaFX Application Thread] DEBUG MainWindow           - Scaled ratio: (1.0, 1.0)
10:44:45.568 [JavaFX Application Thread] DEBUG MainWindow           - Scene size: 800.0 x 800.0
10:44:45.568 [JavaFX Application Thread] DEBUG MainWindow           - Stage size: 806.0 x 829.0
10:44:45.691 [ForkJoinPool.commonPool-worker-1] DEBUG FS                   - Loaded DesktopFSService
10:44:45.694 [ForkJoinPool.commonPool-worker-1] DEBUG FXGL                 - Loading FXGL system data
10:44:45.705 [ForkJoinPool.commonPool-worker-1] DEBUG DesktopFSService     - Reading from: system\fxgl.bundle
10:44:45.724 [ForkJoinPool.commonPool-worker-1] DEBUG Bundle               - Logging bundle: FXGL
10:44:45.727 [ForkJoinPool.commonPool-worker-1] DEBUG Bundle               - FXGL.offline.timer.version.check=2019-04-03T19:44:36.940
10:44:45.729 [ForkJoinPool.commonPool-worker-1] DEBUG FXGL                 - Initializing state machine and application states
10:44:45.734 [ForkJoinPool.commonPool-worker-1] DEBUG AssetLoader          - Loading from disk: /assets/ui/cursors/fxgl_default.png
10:44:45.748 [ForkJoinPool.commonPool-worker-1] DEBUG AssetLoader          - Loading from disk: /assets/ui/cursors/fxgl_default.png
10:44:45.759 [ForkJoinPool.commonPool-worker-1] DEBUG AssetLoader          - Loading from cache: /assets/ui/fonts/VarelaRound-Regular.ttf
10:44:45.771 [ForkJoinPool.commonPool-worker-1] DEBUG AssetLoader          - Loading from disk: /assets/ui/cursors/fxgl_default.png
10:44:45.790 [ForkJoinPool.commonPool-worker-1] DEBUG GameScene            - Game scene initialized: 800x800
10:44:45.805 [ForkJoinPool.commonPool-worker-1] DEBUG GameWorld            - Game world initialized
10:44:45.989 [ForkJoinPool.commonPool-worker-1] DEBUG PhysicsWorld         - Physics world initialized: appHeight=800, physics.ppm=50,0
10:44:46.071 [ForkJoinPool.commonPool-worker-1] DEBUG Input                - Registered new binding: Pause - Esc
10:44:46.203 [JavaFX Application Thread] DEBUG FXGL                 - Running preInit()
10:44:46.207 [JavaFX Application Thread] DEBUG Input                - Registered new binding: Screenshot - P
10:44:46.210 [JavaFX Application Thread] DEBUG Input                - Registered new binding: Dev Options - CTRL+0
10:44:46.215 [JavaFX Application Thread] DEBUG Input                - Registered new binding: System info dump - CTRL+9
10:44:46.217 [JavaFX Application Thread] DEBUG Input                - Registered new binding: Restart - CTRL+R
10:44:46.217 [JavaFX Application Thread] DEBUG Input                - Registered new binding: Play Sound - F
10:44:46.217 [JavaFX Application Thread] DEBUG Input                - Registered new binding: Right - Right
10:44:46.218 [JavaFX Application Thread] DEBUG Input                - Registered new binding: Left - Left
10:44:46.218 [JavaFX Application Thread] DEBUG Input                - Registered new binding: Up - Up
10:44:46.218 [JavaFX Application Thread] DEBUG Input                - Registered new binding: Down - Down
10:44:46.220 [JavaFX Application Thread] INFO  FXGL                 - FXGL initialization took: 1,776 sec
10:44:46.221 [JavaFX Application Thread] DEBUG LoopRunner           - Starting loop
10:44:46.223 [JavaFX Application Thread] DEBUG StartupState         - STARTUP
10:44:46.224 [JavaFX Application Thread] DEBUG GameApplication      - Starting new game
10:44:46.225 [JavaFX Application Thread] DEBUG Input                - Clearing active input actions
10:44:46.227 [JavaFX Application Thread] DEBUG AssetLoader          - Loading from disk: /assets/ui/css/fxgl_dark.css
10:44:46.238 [JavaFX Application Thread] DEBUG AppStateMachine      - StartupState -> LoadingState
10:44:46.249 [FXGL Background Thread 1 ] DEBUG InitAppTask          - Clearing previous game
10:44:46.250 [FXGL Background Thread 1 ] DEBUG GameWorld            - Clearing game world
10:44:46.250 [FXGL Background Thread 1 ] DEBUG PhysicsWorld         - Clearing physics world
10:44:46.250 [FXGL Background Thread 1 ] DEBUG GameScene            - Clearing game scene
10:44:46.253 [FXGL Background Thread 1 ] DEBUG InitAppTask          - Initializing Game
10:44:46.434 [FXGL Background Thread 1 ] DEBUG AssetLoader          - Loading from disk: /assets/textures/player.png
10:44:46.450 [FXGL Background Thread 1 ] DEBUG AssetLoader          - Loading from cache: /assets/textures/player.png
10:44:46.451 [FXGL Background Thread 1 ] DEBUG AssetLoader          - Loading from cache: /assets/textures/player.png
10:44:46.455 [FXGL Background Thread 1 ] DEBUG GameScene            - Creating render group for layer: DEFAULT(100000)
10:44:46.460 [FXGL Background Thread 1 ] DEBUG AssetLoader          - Loading from disk: /assets/text/pacman_level.txt
10:44:46.812 [FXGL Background Thread 1 ] DEBUG InitAppTask          - Initializing Physics
10:44:46.812 [FXGL Background Thread 1 ] DEBUG InitAppTask          - Initializing UI
10:44:46.814 [FXGL Background Thread 1 ] DEBUG InitAppTask          - Initialization Complete
10:44:46.815 [FXGL Background Thread 1 ] INFO  InitAppTask          - Game initialization took: 0,565 sec
10:44:46.822 [JavaFX Application Thread] DEBUG Input                - Clearing active input actions
10:44:46.822 [JavaFX Application Thread] DEBUG AssetLoader          - Loading from disk: /assets/ui/css/fxgl_dark.css
10:44:46.888 [JavaFX Application Thread] DEBUG AppStateMachine      - LoadingState -> PlayState
10:44:48.214 [JavaFX Application Thread] FATAL FXGL                 - Uncaught Exception:

Fatal exception occurred: java.lang.NullPointerException : null
E: com.mnidecki.pacman.PacmanControl.moveLeft(PacmanControl.java:80)
E: com.mnidecki.pacman.PacmanGameApp$3.onAction(PacmanGameApp.java:120)
E: com.almasb.fxgl.input.UserAction.fireAction(UserAction.java:80)
E: com.almasb.fxgl.input.Input.update(Input.kt:148)
E: com.almasb.fxgl.app.State.update(State.java:71)
E: com.almasb.fxgl.app.AppStateMachine.onUpdate(AppStateMachine.java:100)
E: com.almasb.fxgl.app.FXGL.loop(FXGL.kt:356)
E: com.almasb.fxgl.app.FXGL.access$loop(FXGL.kt:54)
E: com.almasb.fxgl.app.FXGL$loop$1.accept(FXGL.kt:78)
E: com.almasb.fxgl.app.FXGL$loop$1.accept(FXGL.kt:54)
E: com.almasb.fxgl.app.LoopRunner.frame(LoopRunner.kt:88)
E: com.almasb.fxgl.app.LoopRunner.access$frame(LoopRunner.kt:19)
E: com.almasb.fxgl.app.LoopRunner$impl$2$1.handle(LoopRunner.kt:39)
E: javafx.itemPicture.AnimationTimer$AnimationTimerReceiver.lambda$handle$485(AnimationTimer.java:57)
E: java.security.AccessController.doPrivileged(Native Method)
E: javafx.itemPicture.AnimationTimer$AnimationTimerReceiver.handle(AnimationTimer.java:56)
E: com.sun.scenario.itemPicture.AbstractMasterTimer.timePulseImpl(AbstractMasterTimer.java:357)
E: com.sun.scenario.itemPicture.AbstractMasterTimer$MainLoop.run(AbstractMasterTimer.java:267)
E: com.sun.javafx.tk.quantum.QuantumToolkit.pulse(QuantumToolkit.java:514)
E: com.sun.javafx.tk.quantum.QuantumToolkit.pulse(QuantumToolkit.java:498)
E: com.sun.javafx.tk.quantum.QuantumToolkit.pulseFromQueue(QuantumToolkit.java:491)
E: com.sun.javafx.tk.quantum.QuantumToolkit.lambda$runToolkit$403(QuantumToolkit.java:319)
E: com.sun.glass.ui.InvokeLaterDispatcher$Future.run(InvokeLaterDispatcher.java:95)
E: com.sun.glass.ui.win.WinApplication._runLoop(Native Method)
E: com.sun.glass.ui.win.WinApplication.lambda$null$147(WinApplication.java:177)
E: java.lang.Thread.run(Thread.java:748)

10:44:48.215 [JavaFX Application Thread] FATAL FXGL                 - Application will now exit
10:44:48.215 [JavaFX Application Thread] DEBUG LoopRunner           - Stopping loop
10:44:51.180 [JavaFX Application Thread] DEBUG FXGL                 - Exiting FXGL
10:44:51.180 [JavaFX Application Thread] DEBUG FXGL                 - Shutting down background threads
10:44:51.180 [JavaFX Application Thread] DEBUG FXGL                 - Saving FXGL system data
10:44:51.184 [JavaFX Application Thread] DEBUG DesktopFSService     - Writing to: system\fxgl.bundle
10:44:51.188 [JavaFX Application Thread] DEBUG FXGL                 - Closing logger and exiting JavaFX
