10:47:03.093 [JavaFX Application Thread] DEBUG GameApplication      - Logger initialized
10:47:03.120 [JavaFX Application Thread] DEBUG GameApplication      - Logging settings
Title: Pac-Man
Version: 0.1
Width: 800
Height: 800
Fullscreen: false
Intro: false
Menus: false
Profiling: false
Single step:false
App Mode: DEVELOPER
Menu Key: ESCAPE
Stage Style: DECORATED
Scene Factory: class com.almasb.fxgl.scene.SceneFactory
Dialog Factory: class com.almasb.fxgl.ui.FXGLDialogFactory
UI Factory: class com.almasb.fxgl.ui.FXGLUIFactory
Notification Service: class com.almasb.fxgl.gameplay.notification.XboxNotificationView
Exception Handler: class com.almasb.fxgl.app.FXGLExceptionHandler
10:47:03.120 [JavaFX Application Thread] DEBUG GameApplication      - Starting FXGL
10:47:03.145 [JavaFX Application Thread] INFO  FXGL                 - FXGL-0.5.4 on DESKTOP
10:47:03.146 [JavaFX Application Thread] INFO  FXGL                 - Source code and latest versions at: https://github.com/AlmasB/FXGL
10:47:03.146 [JavaFX Application Thread] INFO  FXGL                 -              Join the FXGL chat at: https://gitter.im/AlmasB/FXGL
10:47:03.147 [JavaFX Application Thread] DEBUG FXGL                 - FXGL started
10:47:03.147 [JavaFX Application Thread] DEBUG FXGL                 - Initializing FXGL
10:47:03.230 [JavaFX Application Thread] DEBUG AssetLoader          - Loading from disk: /assets/ui/cursors/fxgl_default.png
10:47:03.307 [JavaFX Application Thread] DEBUG AssetLoader          - Loading from disk: /assets/ui/fonts/VarelaRound-Regular.ttf
10:47:03.583 [JavaFX Application Thread] DEBUG MainWindow           - Creating a JavaFX scene
10:47:03.728 [JavaFX Application Thread] DEBUG MainWindow           - Target settings size: 800.0 x 800.0
10:47:03.731 [JavaFX Application Thread] DEBUG MainWindow           - Scaled scene size:    800.0 x 800.0
10:47:03.732 [JavaFX Application Thread] DEBUG MainWindow           - Scaled ratio: (1.0, 1.0)
10:47:03.748 [JavaFX Application Thread] DEBUG AssetLoader          - Loading from disk: /assets/ui/css/fxgl_dark.css
10:47:03.762 [JavaFX Application Thread] DEBUG AssetLoader          - Loading from disk: /assets/textures/fxgl_icon.png
10:47:03.794 [JavaFX Application Thread] DEBUG MainWindow           - Opening main window
10:47:04.302 [JavaFX Application Thread] DEBUG MainWindow           - Window border size: (6.0, 29.0)
10:47:04.302 [JavaFX Application Thread] DEBUG MainWindow           - Scaled size: 800.0 x 800.0
10:47:04.302 [JavaFX Application Thread] DEBUG MainWindow           - Scaled ratio: (1.0, 1.0)
10:47:04.302 [JavaFX Application Thread] DEBUG MainWindow           - Scene size: 800.0 x 800.0
10:47:04.303 [JavaFX Application Thread] DEBUG MainWindow           - Stage size: 806.0 x 829.0
10:47:04.502 [ForkJoinPool.commonPool-worker-1] DEBUG FS                   - Loaded DesktopFSService
10:47:04.503 [ForkJoinPool.commonPool-worker-1] DEBUG FXGL                 - Loading FXGL system data
10:47:04.519 [ForkJoinPool.commonPool-worker-1] DEBUG DesktopFSService     - Reading from: system\fxgl.bundle
10:47:04.553 [ForkJoinPool.commonPool-worker-1] DEBUG Bundle               - Logging bundle: FXGL
10:47:04.555 [ForkJoinPool.commonPool-worker-1] DEBUG Bundle               - FXGL.offline.timer.version.check=2019-04-03T19:44:36.940
10:47:04.558 [ForkJoinPool.commonPool-worker-1] DEBUG FXGL                 - Initializing state machine and application states
10:47:04.565 [ForkJoinPool.commonPool-worker-1] DEBUG AssetLoader          - Loading from disk: /assets/ui/cursors/fxgl_default.png
10:47:04.590 [ForkJoinPool.commonPool-worker-1] DEBUG AssetLoader          - Loading from disk: /assets/ui/cursors/fxgl_default.png
10:47:04.603 [ForkJoinPool.commonPool-worker-1] DEBUG AssetLoader          - Loading from cache: /assets/ui/fonts/VarelaRound-Regular.ttf
10:47:04.615 [ForkJoinPool.commonPool-worker-1] DEBUG AssetLoader          - Loading from disk: /assets/ui/cursors/fxgl_default.png
10:47:04.621 [ForkJoinPool.commonPool-worker-1] DEBUG GameScene            - Game scene initialized: 800x800
10:47:04.638 [ForkJoinPool.commonPool-worker-1] DEBUG GameWorld            - Game world initialized
10:47:04.817 [ForkJoinPool.commonPool-worker-1] DEBUG PhysicsWorld         - Physics world initialized: appHeight=800, physics.ppm=50,0
10:47:04.875 [ForkJoinPool.commonPool-worker-1] DEBUG Input                - Registered new binding: Pause - Esc
10:47:04.988 [JavaFX Application Thread] DEBUG FXGL                 - Running preInit()
10:47:04.999 [JavaFX Application Thread] DEBUG Input                - Registered new binding: Screenshot - P
10:47:05.001 [JavaFX Application Thread] DEBUG Input                - Registered new binding: Dev Options - CTRL+0
10:47:05.002 [JavaFX Application Thread] DEBUG Input                - Registered new binding: System info dump - CTRL+9
10:47:05.003 [JavaFX Application Thread] DEBUG Input                - Registered new binding: Restart - CTRL+R
10:47:05.004 [JavaFX Application Thread] DEBUG Input                - Registered new binding: Play Sound - F
10:47:05.004 [JavaFX Application Thread] DEBUG Input                - Registered new binding: Right - Right
10:47:05.004 [JavaFX Application Thread] DEBUG Input                - Registered new binding: Left - Left
10:47:05.005 [JavaFX Application Thread] DEBUG Input                - Registered new binding: Up - Up
10:47:05.005 [JavaFX Application Thread] DEBUG Input                - Registered new binding: Down - Down
10:47:05.008 [JavaFX Application Thread] INFO  FXGL                 - FXGL initialization took: 1,859 sec
10:47:05.009 [JavaFX Application Thread] DEBUG LoopRunner           - Starting loop
10:47:05.012 [JavaFX Application Thread] DEBUG StartupState         - STARTUP
10:47:05.012 [JavaFX Application Thread] DEBUG GameApplication      - Starting new game
10:47:05.012 [JavaFX Application Thread] DEBUG Input                - Clearing active input actions
10:47:05.015 [JavaFX Application Thread] DEBUG AssetLoader          - Loading from disk: /assets/ui/css/fxgl_dark.css
10:47:05.026 [JavaFX Application Thread] DEBUG AppStateMachine      - StartupState -> LoadingState
10:47:05.041 [FXGL Background Thread 1 ] DEBUG InitAppTask          - Clearing previous game
10:47:05.041 [FXGL Background Thread 1 ] DEBUG GameWorld            - Clearing game world
10:47:05.041 [FXGL Background Thread 1 ] DEBUG PhysicsWorld         - Clearing physics world
10:47:05.041 [FXGL Background Thread 1 ] DEBUG GameScene            - Clearing game scene
10:47:05.044 [FXGL Background Thread 1 ] DEBUG InitAppTask          - Initializing Game
10:47:05.246 [FXGL Background Thread 1 ] DEBUG AssetLoader          - Loading from disk: /assets/textures/player.png
10:47:05.262 [FXGL Background Thread 1 ] DEBUG AssetLoader          - Loading from cache: /assets/textures/player.png
10:47:05.263 [FXGL Background Thread 1 ] DEBUG AssetLoader          - Loading from cache: /assets/textures/player.png
10:47:05.267 [FXGL Background Thread 1 ] DEBUG GameScene            - Creating render group for layer: DEFAULT(100000)
10:47:05.271 [FXGL Background Thread 1 ] DEBUG AssetLoader          - Loading from disk: /assets/text/pacman_level.txt
10:47:05.579 [FXGL Background Thread 1 ] DEBUG InitAppTask          - Initializing Physics
10:47:05.580 [FXGL Background Thread 1 ] DEBUG InitAppTask          - Initializing UI
10:47:05.583 [FXGL Background Thread 1 ] DEBUG InitAppTask          - Initialization Complete
10:47:05.583 [FXGL Background Thread 1 ] INFO  InitAppTask          - Game initialization took: 0,543 sec
10:47:05.592 [JavaFX Application Thread] DEBUG Input                - Clearing active input actions
10:47:05.592 [JavaFX Application Thread] DEBUG AssetLoader          - Loading from disk: /assets/ui/css/fxgl_dark.css
10:47:05.656 [JavaFX Application Thread] DEBUG AppStateMachine      - LoadingState -> PlayState
10:47:24.497 [JavaFX Application Thread] DEBUG FXGL                 - Exiting FXGL
10:47:24.497 [JavaFX Application Thread] DEBUG FXGL                 - Shutting down background threads
10:47:24.497 [JavaFX Application Thread] DEBUG FXGL                 - Saving FXGL system data
10:47:24.501 [JavaFX Application Thread] DEBUG DesktopFSService     - Writing to: system\fxgl.bundle
10:47:24.505 [JavaFX Application Thread] DEBUG FXGL                 - Closing logger and exiting JavaFX
