10:49:09.400 [JavaFX Application Thread] DEBUG GameApplication      - Logger initialized
10:49:09.438 [JavaFX Application Thread] DEBUG GameApplication      - Logging settings
Title: Pac-Man
Version: 0.1
Width: 800
Height: 800
Fullscreen: false
Intro: false
Menus: false
Profiling: false
Single step:false
App Mode: DEVELOPER
Menu Key: ESCAPE
Stage Style: DECORATED
Scene Factory: class com.almasb.fxgl.scene.SceneFactory
Dialog Factory: class com.almasb.fxgl.ui.FXGLDialogFactory
UI Factory: class com.almasb.fxgl.ui.FXGLUIFactory
Notification Service: class com.almasb.fxgl.gameplay.notification.XboxNotificationView
Exception Handler: class com.almasb.fxgl.app.FXGLExceptionHandler
10:49:09.438 [JavaFX Application Thread] DEBUG GameApplication      - Starting FXGL
10:49:09.457 [JavaFX Application Thread] INFO  FXGL                 - FXGL-0.5.4 on DESKTOP
10:49:09.458 [JavaFX Application Thread] INFO  FXGL                 - Source code and latest versions at: https://github.com/AlmasB/FXGL
10:49:09.458 [JavaFX Application Thread] INFO  FXGL                 -              Join the FXGL chat at: https://gitter.im/AlmasB/FXGL
10:49:09.459 [JavaFX Application Thread] DEBUG FXGL                 - FXGL started
10:49:09.460 [JavaFX Application Thread] DEBUG FXGL                 - Initializing FXGL
10:49:09.543 [JavaFX Application Thread] DEBUG AssetLoader          - Loading from disk: /assets/ui/cursors/fxgl_default.png
10:49:09.624 [JavaFX Application Thread] DEBUG AssetLoader          - Loading from disk: /assets/ui/fonts/VarelaRound-Regular.ttf
10:49:09.927 [JavaFX Application Thread] DEBUG MainWindow           - Creating a JavaFX scene
10:49:10.077 [JavaFX Application Thread] DEBUG MainWindow           - Target settings size: 800.0 x 800.0
10:49:10.077 [JavaFX Application Thread] DEBUG MainWindow           - Scaled scene size:    800.0 x 800.0
10:49:10.078 [JavaFX Application Thread] DEBUG MainWindow           - Scaled ratio: (1.0, 1.0)
10:49:10.083 [JavaFX Application Thread] DEBUG AssetLoader          - Loading from disk: /assets/ui/css/fxgl_dark.css
10:49:10.098 [JavaFX Application Thread] DEBUG AssetLoader          - Loading from disk: /assets/textures/fxgl_icon.png
10:49:10.160 [JavaFX Application Thread] DEBUG MainWindow           - Opening main window
10:49:10.714 [JavaFX Application Thread] DEBUG MainWindow           - Window border size: (6.0, 29.0)
10:49:10.715 [JavaFX Application Thread] DEBUG MainWindow           - Scaled size: 800.0 x 800.0
10:49:10.716 [JavaFX Application Thread] DEBUG MainWindow           - Scaled ratio: (1.0, 1.0)
10:49:10.717 [JavaFX Application Thread] DEBUG MainWindow           - Scene size: 800.0 x 800.0
10:49:10.718 [JavaFX Application Thread] DEBUG MainWindow           - Stage size: 806.0 x 829.0
10:49:10.827 [ForkJoinPool.commonPool-worker-1] DEBUG FS                   - Loaded DesktopFSService
10:49:10.828 [ForkJoinPool.commonPool-worker-1] DEBUG FXGL                 - Loading FXGL system data
10:49:10.844 [ForkJoinPool.commonPool-worker-1] DEBUG DesktopFSService     - Reading from: system\fxgl.bundle
10:49:10.869 [ForkJoinPool.commonPool-worker-1] DEBUG Bundle               - Logging bundle: FXGL
10:49:10.871 [ForkJoinPool.commonPool-worker-1] DEBUG Bundle               - FXGL.offline.timer.version.check=2019-04-03T19:44:36.940
10:49:10.872 [ForkJoinPool.commonPool-worker-1] DEBUG FXGL                 - Initializing state machine and application states
10:49:10.876 [ForkJoinPool.commonPool-worker-1] DEBUG AssetLoader          - Loading from disk: /assets/ui/cursors/fxgl_default.png
10:49:10.893 [ForkJoinPool.commonPool-worker-1] DEBUG AssetLoader          - Loading from disk: /assets/ui/cursors/fxgl_default.png
10:49:10.908 [ForkJoinPool.commonPool-worker-1] DEBUG AssetLoader          - Loading from cache: /assets/ui/fonts/VarelaRound-Regular.ttf
10:49:10.934 [ForkJoinPool.commonPool-worker-1] DEBUG AssetLoader          - Loading from disk: /assets/ui/cursors/fxgl_default.png
10:49:10.940 [ForkJoinPool.commonPool-worker-1] DEBUG GameScene            - Game scene initialized: 800x800
10:49:10.954 [ForkJoinPool.commonPool-worker-1] DEBUG GameWorld            - Game world initialized
10:49:11.131 [ForkJoinPool.commonPool-worker-1] DEBUG PhysicsWorld         - Physics world initialized: appHeight=800, physics.ppm=50,0
10:49:11.190 [ForkJoinPool.commonPool-worker-1] DEBUG Input                - Registered new binding: Pause - Esc
10:49:11.302 [JavaFX Application Thread] DEBUG FXGL                 - Running preInit()
10:49:11.307 [JavaFX Application Thread] DEBUG Input                - Registered new binding: Screenshot - P
10:49:11.308 [JavaFX Application Thread] DEBUG Input                - Registered new binding: Dev Options - CTRL+0
10:49:11.310 [JavaFX Application Thread] DEBUG Input                - Registered new binding: System info dump - CTRL+9
10:49:11.311 [JavaFX Application Thread] DEBUG Input                - Registered new binding: Restart - CTRL+R
10:49:11.312 [JavaFX Application Thread] DEBUG Input                - Registered new binding: Play Sound - F
10:49:11.312 [JavaFX Application Thread] DEBUG Input                - Registered new binding: Right - Right
10:49:11.312 [JavaFX Application Thread] DEBUG Input                - Registered new binding: Left - Left
10:49:11.312 [JavaFX Application Thread] DEBUG Input                - Registered new binding: Up - Up
10:49:11.313 [JavaFX Application Thread] DEBUG Input                - Registered new binding: Down - Down
10:49:11.315 [JavaFX Application Thread] INFO  FXGL                 - FXGL initialization took: 1,854 sec
10:49:11.316 [JavaFX Application Thread] DEBUG LoopRunner           - Starting loop
10:49:11.320 [JavaFX Application Thread] DEBUG StartupState         - STARTUP
10:49:11.320 [JavaFX Application Thread] DEBUG GameApplication      - Starting new game
10:49:11.321 [JavaFX Application Thread] DEBUG Input                - Clearing active input actions
10:49:11.324 [JavaFX Application Thread] DEBUG AssetLoader          - Loading from disk: /assets/ui/css/fxgl_dark.css
10:49:11.343 [JavaFX Application Thread] DEBUG AppStateMachine      - StartupState -> LoadingState
10:49:11.355 [FXGL Background Thread 1 ] DEBUG InitAppTask          - Clearing previous game
10:49:11.356 [FXGL Background Thread 1 ] DEBUG GameWorld            - Clearing game world
10:49:11.356 [FXGL Background Thread 1 ] DEBUG PhysicsWorld         - Clearing physics world
10:49:11.356 [FXGL Background Thread 1 ] DEBUG GameScene            - Clearing game scene
10:49:11.359 [FXGL Background Thread 1 ] DEBUG InitAppTask          - Initializing Game
10:49:11.525 [FXGL Background Thread 1 ] DEBUG AssetLoader          - Loading from disk: /assets/textures/player.png
10:49:11.544 [FXGL Background Thread 1 ] DEBUG AssetLoader          - Loading from cache: /assets/textures/player.png
10:49:11.545 [FXGL Background Thread 1 ] DEBUG AssetLoader          - Loading from cache: /assets/textures/player.png
10:49:11.549 [FXGL Background Thread 1 ] DEBUG GameScene            - Creating render group for layer: DEFAULT(100000)
10:49:11.553 [FXGL Background Thread 1 ] DEBUG AssetLoader          - Loading from disk: /assets/text/pacman_level.txt
10:49:11.851 [FXGL Background Thread 1 ] DEBUG InitAppTask          - Initializing Physics
10:49:11.852 [FXGL Background Thread 1 ] DEBUG InitAppTask          - Initializing UI
10:49:11.854 [FXGL Background Thread 1 ] DEBUG InitAppTask          - Initialization Complete
10:49:11.855 [FXGL Background Thread 1 ] INFO  InitAppTask          - Game initialization took: 0,500 sec
10:49:11.872 [JavaFX Application Thread] DEBUG Input                - Clearing active input actions
10:49:11.873 [JavaFX Application Thread] DEBUG AssetLoader          - Loading from disk: /assets/ui/css/fxgl_dark.css
10:49:11.948 [JavaFX Application Thread] DEBUG AppStateMachine      - LoadingState -> PlayState
10:49:16.801 [JavaFX Application Thread] DEBUG FXGL                 - Exiting FXGL
10:49:16.801 [JavaFX Application Thread] DEBUG FXGL                 - Shutting down background threads
10:49:16.802 [JavaFX Application Thread] DEBUG FXGL                 - Saving FXGL system data
10:49:16.805 [JavaFX Application Thread] DEBUG DesktopFSService     - Writing to: system\fxgl.bundle
10:49:16.810 [JavaFX Application Thread] DEBUG FXGL                 - Closing logger and exiting JavaFX
