10:47:50.507 [JavaFX Application Thread] DEBUG GameApplication      - Logger initialized
10:47:50.533 [JavaFX Application Thread] DEBUG GameApplication      - Logging settings
Title: Pac-Man
Version: 0.1
Width: 800
Height: 800
Fullscreen: false
Intro: false
Menus: false
Profiling: false
Single step:false
App Mode: DEVELOPER
Menu Key: ESCAPE
Stage Style: DECORATED
Scene Factory: class com.almasb.fxgl.scene.SceneFactory
Dialog Factory: class com.almasb.fxgl.ui.FXGLDialogFactory
UI Factory: class com.almasb.fxgl.ui.FXGLUIFactory
Notification Service: class com.almasb.fxgl.gameplay.notification.XboxNotificationView
Exception Handler: class com.almasb.fxgl.app.FXGLExceptionHandler
10:47:50.534 [JavaFX Application Thread] DEBUG GameApplication      - Starting FXGL
10:47:50.559 [JavaFX Application Thread] INFO  FXGL                 - FXGL-0.5.4 on DESKTOP
10:47:50.560 [JavaFX Application Thread] INFO  FXGL                 - Source code and latest versions at: https://github.com/AlmasB/FXGL
10:47:50.561 [JavaFX Application Thread] INFO  FXGL                 -              Join the FXGL chat at: https://gitter.im/AlmasB/FXGL
10:47:50.561 [JavaFX Application Thread] DEBUG FXGL                 - FXGL started
10:47:50.561 [JavaFX Application Thread] DEBUG FXGL                 - Initializing FXGL
10:47:50.634 [JavaFX Application Thread] DEBUG AssetLoader          - Loading from disk: /assets/ui/cursors/fxgl_default.png
10:47:50.718 [JavaFX Application Thread] DEBUG AssetLoader          - Loading from disk: /assets/ui/fonts/VarelaRound-Regular.ttf
10:47:51.042 [JavaFX Application Thread] DEBUG MainWindow           - Creating a JavaFX scene
10:47:51.184 [JavaFX Application Thread] DEBUG MainWindow           - Target settings size: 800.0 x 800.0
10:47:51.184 [JavaFX Application Thread] DEBUG MainWindow           - Scaled scene size:    800.0 x 800.0
10:47:51.184 [JavaFX Application Thread] DEBUG MainWindow           - Scaled ratio: (1.0, 1.0)
10:47:51.191 [JavaFX Application Thread] DEBUG AssetLoader          - Loading from disk: /assets/ui/css/fxgl_dark.css
10:47:51.208 [JavaFX Application Thread] DEBUG AssetLoader          - Loading from disk: /assets/textures/fxgl_icon.png
10:47:51.269 [JavaFX Application Thread] DEBUG MainWindow           - Opening main window
10:47:51.818 [JavaFX Application Thread] DEBUG MainWindow           - Window border size: (6.0, 29.0)
10:47:51.819 [JavaFX Application Thread] DEBUG MainWindow           - Scaled size: 800.0 x 800.0
10:47:51.819 [JavaFX Application Thread] DEBUG MainWindow           - Scaled ratio: (1.0, 1.0)
10:47:51.820 [JavaFX Application Thread] DEBUG MainWindow           - Scene size: 800.0 x 800.0
10:47:51.820 [JavaFX Application Thread] DEBUG MainWindow           - Stage size: 806.0 x 829.0
10:47:51.935 [ForkJoinPool.commonPool-worker-1] DEBUG FS                   - Loaded DesktopFSService
10:47:51.937 [ForkJoinPool.commonPool-worker-1] DEBUG FXGL                 - Loading FXGL system data
10:47:51.954 [ForkJoinPool.commonPool-worker-1] DEBUG DesktopFSService     - Reading from: system\fxgl.bundle
10:47:51.979 [ForkJoinPool.commonPool-worker-1] DEBUG Bundle               - Logging bundle: FXGL
10:47:51.981 [ForkJoinPool.commonPool-worker-1] DEBUG Bundle               - FXGL.offline.timer.version.check=2019-04-03T19:44:36.940
10:47:51.984 [ForkJoinPool.commonPool-worker-1] DEBUG FXGL                 - Initializing state machine and application states
10:47:51.988 [ForkJoinPool.commonPool-worker-1] DEBUG AssetLoader          - Loading from disk: /assets/ui/cursors/fxgl_default.png
10:47:52.003 [ForkJoinPool.commonPool-worker-1] DEBUG AssetLoader          - Loading from disk: /assets/ui/cursors/fxgl_default.png
10:47:52.027 [ForkJoinPool.commonPool-worker-1] DEBUG AssetLoader          - Loading from cache: /assets/ui/fonts/VarelaRound-Regular.ttf
10:47:52.036 [ForkJoinPool.commonPool-worker-1] DEBUG AssetLoader          - Loading from disk: /assets/ui/cursors/fxgl_default.png
10:47:52.042 [ForkJoinPool.commonPool-worker-1] DEBUG GameScene            - Game scene initialized: 800x800
10:47:52.057 [ForkJoinPool.commonPool-worker-1] DEBUG GameWorld            - Game world initialized
10:47:52.215 [ForkJoinPool.commonPool-worker-1] DEBUG PhysicsWorld         - Physics world initialized: appHeight=800, physics.ppm=50,0
10:47:52.302 [ForkJoinPool.commonPool-worker-1] DEBUG Input                - Registered new binding: Pause - Esc
10:47:52.421 [JavaFX Application Thread] DEBUG FXGL                 - Running preInit()
10:47:52.425 [JavaFX Application Thread] DEBUG Input                - Registered new binding: Screenshot - P
10:47:52.427 [JavaFX Application Thread] DEBUG Input                - Registered new binding: Dev Options - CTRL+0
10:47:52.428 [JavaFX Application Thread] DEBUG Input                - Registered new binding: System info dump - CTRL+9
10:47:52.429 [JavaFX Application Thread] DEBUG Input                - Registered new binding: Restart - CTRL+R
10:47:52.431 [JavaFX Application Thread] DEBUG Input                - Registered new binding: Play Sound - F
10:47:52.432 [JavaFX Application Thread] DEBUG Input                - Registered new binding: Right - Right
10:47:52.432 [JavaFX Application Thread] DEBUG Input                - Registered new binding: Left - Left
10:47:52.433 [JavaFX Application Thread] DEBUG Input                - Registered new binding: Up - Up
10:47:52.434 [JavaFX Application Thread] DEBUG Input                - Registered new binding: Down - Down
10:47:52.435 [JavaFX Application Thread] INFO  FXGL                 - FXGL initialization took: 1,873 sec
10:47:52.436 [JavaFX Application Thread] DEBUG LoopRunner           - Starting loop
10:47:52.442 [JavaFX Application Thread] DEBUG StartupState         - STARTUP
10:47:52.442 [JavaFX Application Thread] DEBUG GameApplication      - Starting new game
10:47:52.443 [JavaFX Application Thread] DEBUG Input                - Clearing active input actions
10:47:52.446 [JavaFX Application Thread] DEBUG AssetLoader          - Loading from disk: /assets/ui/css/fxgl_dark.css
10:47:52.459 [JavaFX Application Thread] DEBUG AppStateMachine      - StartupState -> LoadingState
10:47:52.476 [FXGL Background Thread 1 ] DEBUG InitAppTask          - Clearing previous game
10:47:52.476 [FXGL Background Thread 1 ] DEBUG GameWorld            - Clearing game world
10:47:52.477 [FXGL Background Thread 1 ] DEBUG PhysicsWorld         - Clearing physics world
10:47:52.477 [FXGL Background Thread 1 ] DEBUG GameScene            - Clearing game scene
10:47:52.481 [FXGL Background Thread 1 ] DEBUG InitAppTask          - Initializing Game
10:47:52.672 [FXGL Background Thread 1 ] DEBUG AssetLoader          - Loading from disk: /assets/textures/player.png
10:47:52.689 [FXGL Background Thread 1 ] DEBUG AssetLoader          - Loading from cache: /assets/textures/player.png
10:47:52.689 [FXGL Background Thread 1 ] DEBUG AssetLoader          - Loading from cache: /assets/textures/player.png
10:47:52.693 [FXGL Background Thread 1 ] DEBUG GameScene            - Creating render group for layer: DEFAULT(100000)
10:47:52.697 [FXGL Background Thread 1 ] DEBUG AssetLoader          - Loading from disk: /assets/text/pacman_level.txt
10:47:53.044 [FXGL Background Thread 1 ] DEBUG InitAppTask          - Initializing Physics
10:47:53.044 [FXGL Background Thread 1 ] DEBUG InitAppTask          - Initializing UI
10:47:53.047 [FXGL Background Thread 1 ] DEBUG InitAppTask          - Initialization Complete
10:47:53.047 [FXGL Background Thread 1 ] INFO  InitAppTask          - Game initialization took: 0,571 sec
10:47:53.054 [JavaFX Application Thread] DEBUG Input                - Clearing active input actions
10:47:53.055 [JavaFX Application Thread] DEBUG AssetLoader          - Loading from disk: /assets/ui/css/fxgl_dark.css
10:47:53.127 [JavaFX Application Thread] DEBUG AppStateMachine      - LoadingState -> PlayState
10:47:59.737 [JavaFX Application Thread] DEBUG FXGL                 - Exiting FXGL
10:47:59.737 [JavaFX Application Thread] DEBUG FXGL                 - Shutting down background threads
10:47:59.738 [JavaFX Application Thread] DEBUG FXGL                 - Saving FXGL system data
10:47:59.741 [JavaFX Application Thread] DEBUG DesktopFSService     - Writing to: system\fxgl.bundle
10:47:59.746 [JavaFX Application Thread] DEBUG FXGL                 - Closing logger and exiting JavaFX
