11:35:50.157 [JavaFX Application Thread] DEBUG GameApplication      - Logger initialized
11:35:50.175 [JavaFX Application Thread] DEBUG GameApplication      - Logging settings
Title: Pac-Man
Version: 0.1
Width: 800
Height: 800
Fullscreen: false
Intro: false
Menus: false
Profiling: false
Single step:false
App Mode: DEVELOPER
Menu Key: ESCAPE
Stage Style: DECORATED
Scene Factory: class com.almasb.fxgl.scene.SceneFactory
Dialog Factory: class com.almasb.fxgl.ui.FXGLDialogFactory
UI Factory: class com.almasb.fxgl.ui.FXGLUIFactory
Notification Service: class com.almasb.fxgl.gameplay.notification.XboxNotificationView
Exception Handler: class com.almasb.fxgl.app.FXGLExceptionHandler
11:35:50.175 [JavaFX Application Thread] DEBUG GameApplication      - Starting FXGL
11:35:50.201 [JavaFX Application Thread] INFO  FXGL                 - FXGL-0.5.4 on DESKTOP
11:35:50.202 [JavaFX Application Thread] INFO  FXGL                 - Source code and latest versions at: https://github.com/AlmasB/FXGL
11:35:50.202 [JavaFX Application Thread] INFO  FXGL                 -              Join the FXGL chat at: https://gitter.im/AlmasB/FXGL
11:35:50.202 [JavaFX Application Thread] DEBUG FXGL                 - FXGL started
11:35:50.203 [JavaFX Application Thread] DEBUG FXGL                 - Initializing FXGL
11:35:50.288 [JavaFX Application Thread] DEBUG AssetLoader          - Loading from disk: /assets/ui/cursors/fxgl_default.png
11:35:50.372 [JavaFX Application Thread] DEBUG AssetLoader          - Loading from disk: /assets/ui/fonts/VarelaRound-Regular.ttf
11:35:50.648 [JavaFX Application Thread] DEBUG MainWindow           - Creating a JavaFX scene
11:35:50.715 [JavaFX Application Thread] DEBUG MainWindow           - Target settings size: 800.0 x 800.0
11:35:50.716 [JavaFX Application Thread] DEBUG MainWindow           - Scaled scene size:    800.0 x 800.0
11:35:50.716 [JavaFX Application Thread] DEBUG MainWindow           - Scaled ratio: (1.0, 1.0)
11:35:50.723 [JavaFX Application Thread] DEBUG AssetLoader          - Loading from disk: /assets/ui/css/fxgl_dark.css
11:35:50.733 [JavaFX Application Thread] DEBUG AssetLoader          - Loading from disk: /assets/textures/fxgl_icon.png
11:35:50.832 [JavaFX Application Thread] DEBUG MainWindow           - Opening main window
11:35:51.318 [JavaFX Application Thread] DEBUG MainWindow           - Window border size: (6.0, 29.0)
11:35:51.318 [JavaFX Application Thread] DEBUG MainWindow           - Scaled size: 800.0 x 800.0
11:35:51.319 [JavaFX Application Thread] DEBUG MainWindow           - Scaled ratio: (1.0, 1.0)
11:35:51.319 [JavaFX Application Thread] DEBUG MainWindow           - Scene size: 800.0 x 800.0
11:35:51.319 [JavaFX Application Thread] DEBUG MainWindow           - Stage size: 806.0 x 829.0
11:35:51.479 [ForkJoinPool.commonPool-worker-1] DEBUG FS                   - Loaded DesktopFSService
11:35:51.480 [ForkJoinPool.commonPool-worker-1] DEBUG FXGL                 - Loading FXGL system data
11:35:51.498 [ForkJoinPool.commonPool-worker-1] DEBUG DesktopFSService     - Reading from: system\fxgl.bundle
11:35:51.515 [ForkJoinPool.commonPool-worker-1] DEBUG Bundle               - Logging bundle: FXGL
11:35:51.516 [ForkJoinPool.commonPool-worker-1] DEBUG Bundle               - FXGL.offline.timer.version.check=2019-04-03T19:44:36.940
11:35:51.518 [ForkJoinPool.commonPool-worker-1] DEBUG FXGL                 - Initializing state machine and application states
11:35:51.522 [ForkJoinPool.commonPool-worker-1] DEBUG AssetLoader          - Loading from disk: /assets/ui/cursors/fxgl_default.png
11:35:51.536 [ForkJoinPool.commonPool-worker-1] DEBUG AssetLoader          - Loading from disk: /assets/ui/cursors/fxgl_default.png
11:35:51.549 [ForkJoinPool.commonPool-worker-1] DEBUG AssetLoader          - Loading from cache: /assets/ui/fonts/VarelaRound-Regular.ttf
11:35:51.590 [ForkJoinPool.commonPool-worker-1] DEBUG AssetLoader          - Loading from disk: /assets/ui/cursors/fxgl_default.png
11:35:51.598 [ForkJoinPool.commonPool-worker-1] DEBUG GameScene            - Game scene initialized: 800x800
11:35:51.612 [ForkJoinPool.commonPool-worker-1] DEBUG GameWorld            - Game world initialized
11:35:51.793 [ForkJoinPool.commonPool-worker-1] DEBUG PhysicsWorld         - Physics world initialized: appHeight=800, physics.ppm=50,0
11:35:51.868 [ForkJoinPool.commonPool-worker-1] DEBUG Input                - Registered new binding: Pause - Esc
11:35:52.021 [JavaFX Application Thread] DEBUG FXGL                 - Running preInit()
11:35:52.031 [JavaFX Application Thread] DEBUG Input                - Registered new binding: Screenshot - P
11:35:52.032 [JavaFX Application Thread] DEBUG Input                - Registered new binding: Dev Options - CTRL+0
11:35:52.035 [JavaFX Application Thread] DEBUG Input                - Registered new binding: System info dump - CTRL+9
11:35:52.036 [JavaFX Application Thread] DEBUG Input                - Registered new binding: Restart - CTRL+R
11:35:52.037 [JavaFX Application Thread] DEBUG Input                - Registered new binding: Play Sound - F
11:35:52.037 [JavaFX Application Thread] DEBUG Input                - Registered new binding: Right - Right
11:35:52.038 [JavaFX Application Thread] DEBUG Input                - Registered new binding: Left - Left
11:35:52.038 [JavaFX Application Thread] DEBUG Input                - Registered new binding: Up - Up
11:35:52.038 [JavaFX Application Thread] DEBUG Input                - Registered new binding: Down - Down
11:35:52.041 [JavaFX Application Thread] INFO  FXGL                 - FXGL initialization took: 1,838 sec
11:35:52.042 [JavaFX Application Thread] DEBUG LoopRunner           - Starting loop
11:35:52.049 [JavaFX Application Thread] DEBUG StartupState         - STARTUP
11:35:52.049 [JavaFX Application Thread] DEBUG GameApplication      - Starting new game
11:35:52.049 [JavaFX Application Thread] DEBUG Input                - Clearing active input actions
11:35:52.052 [JavaFX Application Thread] DEBUG AssetLoader          - Loading from disk: /assets/ui/css/fxgl_dark.css
11:35:52.063 [JavaFX Application Thread] DEBUG AppStateMachine      - StartupState -> LoadingState
11:35:52.108 [FXGL Background Thread 1 ] DEBUG InitAppTask          - Clearing previous game
11:35:52.108 [FXGL Background Thread 1 ] DEBUG GameWorld            - Clearing game world
11:35:52.108 [FXGL Background Thread 1 ] DEBUG PhysicsWorld         - Clearing physics world
11:35:52.108 [FXGL Background Thread 1 ] DEBUG GameScene            - Clearing game scene
11:35:52.113 [FXGL Background Thread 1 ] DEBUG InitAppTask          - Initializing Game
11:35:52.316 [FXGL Background Thread 1 ] DEBUG AssetLoader          - Loading from disk: /assets/textures/player.png
11:35:52.329 [FXGL Background Thread 1 ] DEBUG AssetLoader          - Loading from cache: /assets/textures/player.png
11:35:52.330 [FXGL Background Thread 1 ] DEBUG AssetLoader          - Loading from cache: /assets/textures/player.png
11:35:52.334 [FXGL Background Thread 1 ] DEBUG GameScene            - Creating render group for layer: DEFAULT(100000)
11:35:52.338 [FXGL Background Thread 1 ] DEBUG AssetLoader          - Loading from disk: /assets/text/pacman_level.txt
11:35:52.685 [FXGL Background Thread 1 ] DEBUG InitAppTask          - Initializing Physics
11:35:52.686 [FXGL Background Thread 1 ] DEBUG InitAppTask          - Initializing UI
11:35:52.688 [FXGL Background Thread 1 ] DEBUG InitAppTask          - Initialization Complete
11:35:52.689 [FXGL Background Thread 1 ] INFO  InitAppTask          - Game initialization took: 0,581 sec
11:35:52.697 [JavaFX Application Thread] DEBUG Input                - Clearing active input actions
11:35:52.697 [JavaFX Application Thread] DEBUG AssetLoader          - Loading from disk: /assets/ui/css/fxgl_dark.css
11:35:52.767 [JavaFX Application Thread] DEBUG AppStateMachine      - LoadingState -> PlayState
11:35:54.124 [JavaFX Application Thread] DEBUG FXGL                 - Exiting FXGL
11:35:54.124 [JavaFX Application Thread] DEBUG FXGL                 - Shutting down background threads
11:35:54.124 [JavaFX Application Thread] DEBUG FXGL                 - Saving FXGL system data
11:35:54.129 [JavaFX Application Thread] DEBUG DesktopFSService     - Writing to: system\fxgl.bundle
11:35:54.134 [JavaFX Application Thread] DEBUG FXGL                 - Closing logger and exiting JavaFX
