10:44:18.368 [JavaFX Application Thread] DEBUG GameApplication      - Logger initialized
10:44:18.397 [JavaFX Application Thread] DEBUG GameApplication      - Logging settings
Title: Pac-Man
Version: 0.1
Width: 800
Height: 800
Fullscreen: false
Intro: false
Menus: false
Profiling: false
Single step:false
App Mode: DEVELOPER
Menu Key: ESCAPE
Stage Style: DECORATED
Scene Factory: class com.almasb.fxgl.scene.SceneFactory
Dialog Factory: class com.almasb.fxgl.ui.FXGLDialogFactory
UI Factory: class com.almasb.fxgl.ui.FXGLUIFactory
Notification Service: class com.almasb.fxgl.gameplay.notification.XboxNotificationView
Exception Handler: class com.almasb.fxgl.app.FXGLExceptionHandler
10:44:18.398 [JavaFX Application Thread] DEBUG GameApplication      - Starting FXGL
10:44:18.422 [JavaFX Application Thread] INFO  FXGL                 - FXGL-0.5.4 on DESKTOP
10:44:18.423 [JavaFX Application Thread] INFO  FXGL                 - Source code and latest versions at: https://github.com/AlmasB/FXGL
10:44:18.424 [JavaFX Application Thread] INFO  FXGL                 -              Join the FXGL chat at: https://gitter.im/AlmasB/FXGL
10:44:18.424 [JavaFX Application Thread] DEBUG FXGL                 - FXGL started
10:44:18.424 [JavaFX Application Thread] DEBUG FXGL                 - Initializing FXGL
10:44:18.494 [JavaFX Application Thread] DEBUG AssetLoader          - Loading from disk: /assets/ui/cursors/fxgl_default.png
10:44:18.575 [JavaFX Application Thread] DEBUG AssetLoader          - Loading from disk: /assets/ui/fonts/VarelaRound-Regular.ttf
10:44:18.854 [JavaFX Application Thread] DEBUG MainWindow           - Creating a JavaFX scene
10:44:18.957 [JavaFX Application Thread] DEBUG MainWindow           - Target settings size: 800.0 x 800.0
10:44:18.957 [JavaFX Application Thread] DEBUG MainWindow           - Scaled scene size:    800.0 x 800.0
10:44:18.957 [JavaFX Application Thread] DEBUG MainWindow           - Scaled ratio: (1.0, 1.0)
10:44:18.962 [JavaFX Application Thread] DEBUG AssetLoader          - Loading from disk: /assets/ui/css/fxgl_dark.css
10:44:18.971 [JavaFX Application Thread] DEBUG AssetLoader          - Loading from disk: /assets/textures/fxgl_icon.png
10:44:19.044 [JavaFX Application Thread] DEBUG MainWindow           - Opening main window
10:44:19.513 [JavaFX Application Thread] DEBUG MainWindow           - Window border size: (6.0, 29.0)
10:44:19.514 [JavaFX Application Thread] DEBUG MainWindow           - Scaled size: 800.0 x 800.0
10:44:19.514 [JavaFX Application Thread] DEBUG MainWindow           - Scaled ratio: (1.0, 1.0)
10:44:19.514 [JavaFX Application Thread] DEBUG MainWindow           - Scene size: 800.0 x 800.0
10:44:19.514 [JavaFX Application Thread] DEBUG MainWindow           - Stage size: 806.0 x 829.0
10:44:19.664 [ForkJoinPool.commonPool-worker-1] DEBUG FS                   - Loaded DesktopFSService
10:44:19.665 [ForkJoinPool.commonPool-worker-1] DEBUG FXGL                 - Loading FXGL system data
10:44:19.680 [ForkJoinPool.commonPool-worker-1] DEBUG DesktopFSService     - Reading from: system\fxgl.bundle
10:44:19.706 [ForkJoinPool.commonPool-worker-1] DEBUG Bundle               - Logging bundle: FXGL
10:44:19.709 [ForkJoinPool.commonPool-worker-1] DEBUG Bundle               - FXGL.offline.timer.version.check=2019-04-03T19:44:36.940
10:44:19.711 [ForkJoinPool.commonPool-worker-1] DEBUG FXGL                 - Initializing state machine and application states
10:44:19.715 [ForkJoinPool.commonPool-worker-1] DEBUG AssetLoader          - Loading from disk: /assets/ui/cursors/fxgl_default.png
10:44:19.729 [ForkJoinPool.commonPool-worker-1] DEBUG AssetLoader          - Loading from disk: /assets/ui/cursors/fxgl_default.png
10:44:19.763 [ForkJoinPool.commonPool-worker-1] DEBUG AssetLoader          - Loading from cache: /assets/ui/fonts/VarelaRound-Regular.ttf
10:44:19.770 [ForkJoinPool.commonPool-worker-1] DEBUG AssetLoader          - Loading from disk: /assets/ui/cursors/fxgl_default.png
10:44:19.781 [ForkJoinPool.commonPool-worker-1] DEBUG GameScene            - Game scene initialized: 800x800
10:44:19.794 [ForkJoinPool.commonPool-worker-1] DEBUG GameWorld            - Game world initialized
10:44:19.940 [ForkJoinPool.commonPool-worker-1] DEBUG PhysicsWorld         - Physics world initialized: appHeight=800, physics.ppm=50,0
10:44:20.013 [ForkJoinPool.commonPool-worker-1] DEBUG Input                - Registered new binding: Pause - Esc
10:44:20.178 [JavaFX Application Thread] DEBUG FXGL                 - Running preInit()
10:44:20.182 [JavaFX Application Thread] DEBUG Input                - Registered new binding: Screenshot - P
10:44:20.183 [JavaFX Application Thread] DEBUG Input                - Registered new binding: Dev Options - CTRL+0
10:44:20.185 [JavaFX Application Thread] DEBUG Input                - Registered new binding: System info dump - CTRL+9
10:44:20.186 [JavaFX Application Thread] DEBUG Input                - Registered new binding: Restart - CTRL+R
10:44:20.187 [JavaFX Application Thread] DEBUG Input                - Registered new binding: Play Sound - F
10:44:20.187 [JavaFX Application Thread] DEBUG Input                - Registered new binding: Right - Right
10:44:20.187 [JavaFX Application Thread] DEBUG Input                - Registered new binding: Left - Left
10:44:20.188 [JavaFX Application Thread] DEBUG Input                - Registered new binding: Up - Up
10:44:20.188 [JavaFX Application Thread] DEBUG Input                - Registered new binding: Down - Down
10:44:20.191 [JavaFX Application Thread] INFO  FXGL                 - FXGL initialization took: 1,766 sec
10:44:20.191 [JavaFX Application Thread] DEBUG LoopRunner           - Starting loop
10:44:20.194 [JavaFX Application Thread] DEBUG StartupState         - STARTUP
10:44:20.194 [JavaFX Application Thread] DEBUG GameApplication      - Starting new game
10:44:20.194 [JavaFX Application Thread] DEBUG Input                - Clearing active input actions
10:44:20.197 [JavaFX Application Thread] DEBUG AssetLoader          - Loading from disk: /assets/ui/css/fxgl_dark.css
10:44:20.208 [JavaFX Application Thread] DEBUG AppStateMachine      - StartupState -> LoadingState
10:44:20.229 [FXGL Background Thread 1 ] DEBUG InitAppTask          - Clearing previous game
10:44:20.229 [FXGL Background Thread 1 ] DEBUG GameWorld            - Clearing game world
10:44:20.229 [FXGL Background Thread 1 ] DEBUG PhysicsWorld         - Clearing physics world
10:44:20.229 [FXGL Background Thread 1 ] DEBUG GameScene            - Clearing game scene
10:44:20.233 [FXGL Background Thread 1 ] DEBUG InitAppTask          - Initializing Game
10:44:20.393 [FXGL Background Thread 1 ] DEBUG AssetLoader          - Loading from disk: /assets/textures/player.png
10:44:20.412 [FXGL Background Thread 1 ] DEBUG AssetLoader          - Loading from cache: /assets/textures/player.png
10:44:20.413 [FXGL Background Thread 1 ] DEBUG AssetLoader          - Loading from cache: /assets/textures/player.png
10:44:20.417 [FXGL Background Thread 1 ] DEBUG GameScene            - Creating render group for layer: DEFAULT(100000)
10:44:20.420 [FXGL Background Thread 1 ] DEBUG AssetLoader          - Loading from disk: /assets/text/pacman_level.txt
10:44:20.749 [FXGL Background Thread 1 ] DEBUG InitAppTask          - Initializing Physics
10:44:20.749 [FXGL Background Thread 1 ] DEBUG InitAppTask          - Initializing UI
10:44:20.752 [FXGL Background Thread 1 ] DEBUG InitAppTask          - Initialization Complete
10:44:20.753 [FXGL Background Thread 1 ] INFO  InitAppTask          - Game initialization took: 0,524 sec
10:44:20.765 [JavaFX Application Thread] DEBUG Input                - Clearing active input actions
10:44:20.766 [JavaFX Application Thread] DEBUG AssetLoader          - Loading from disk: /assets/ui/css/fxgl_dark.css
10:44:20.835 [JavaFX Application Thread] DEBUG AppStateMachine      - LoadingState -> PlayState
10:44:20.867 [JavaFX Application Thread] FATAL FXGL                 - Uncaught Exception:

Fatal exception occurred: java.lang.NullPointerException : null
E: com.mnidecki.pacman.PacmanControl.isMoving(PacmanControl.java:60)
E: com.mnidecki.pacman.PacmanControl.onUpdate(PacmanControl.java:48)
E: com.almasb.fxgl.entity.Entity.update(Entity.java:155)
E: com.almasb.fxgl.entity.GameWorld.onUpdate(GameWorld.kt:156)
E: com.almasb.fxgl.app.PlayState.step(AppStates.kt:244)
E: com.almasb.fxgl.app.PlayState.onUpdate(AppStates.kt:240)
E: com.almasb.fxgl.app.State.update(State.java:73)
E: com.almasb.fxgl.app.AppStateMachine.onUpdate(AppStateMachine.java:100)
E: com.almasb.fxgl.app.FXGL.loop(FXGL.kt:356)
E: com.almasb.fxgl.app.FXGL.access$loop(FXGL.kt:54)
E: com.almasb.fxgl.app.FXGL$loop$1.accept(FXGL.kt:78)
E: com.almasb.fxgl.app.FXGL$loop$1.accept(FXGL.kt:54)
E: com.almasb.fxgl.app.LoopRunner.frame(LoopRunner.kt:88)
E: com.almasb.fxgl.app.LoopRunner.access$frame(LoopRunner.kt:19)
E: com.almasb.fxgl.app.LoopRunner$impl$2$1.handle(LoopRunner.kt:39)
E: javafx.animation.AnimationTimer$AnimationTimerReceiver.lambda$handle$485(AnimationTimer.java:57)
E: java.security.AccessController.doPrivileged(Native Method)
E: javafx.animation.AnimationTimer$AnimationTimerReceiver.handle(AnimationTimer.java:56)
E: com.sun.scenario.animation.AbstractMasterTimer.timePulseImpl(AbstractMasterTimer.java:357)
E: com.sun.scenario.animation.AbstractMasterTimer$MainLoop.run(AbstractMasterTimer.java:267)
E: com.sun.javafx.tk.quantum.QuantumToolkit.pulse(QuantumToolkit.java:514)
E: com.sun.javafx.tk.quantum.QuantumToolkit.pulse(QuantumToolkit.java:498)
E: com.sun.javafx.tk.quantum.QuantumToolkit.pulseFromQueue(QuantumToolkit.java:491)
E: com.sun.javafx.tk.quantum.QuantumToolkit.lambda$runToolkit$403(QuantumToolkit.java:319)
E: com.sun.glass.ui.InvokeLaterDispatcher$Future.run(InvokeLaterDispatcher.java:95)
E: com.sun.glass.ui.win.WinApplication._runLoop(Native Method)
E: com.sun.glass.ui.win.WinApplication.lambda$null$147(WinApplication.java:177)
E: java.lang.Thread.run(Thread.java:748)

10:44:20.867 [JavaFX Application Thread] FATAL FXGL                 - Application will now exit
10:44:20.867 [JavaFX Application Thread] DEBUG LoopRunner           - Stopping loop
10:44:24.044 [JavaFX Application Thread] DEBUG FXGL                 - Exiting FXGL
10:44:24.044 [JavaFX Application Thread] DEBUG FXGL                 - Shutting down background threads
10:44:24.044 [JavaFX Application Thread] DEBUG FXGL                 - Saving FXGL system data
10:44:24.048 [JavaFX Application Thread] DEBUG DesktopFSService     - Writing to: system\fxgl.bundle
10:44:24.052 [JavaFX Application Thread] DEBUG FXGL                 - Closing logger and exiting JavaFX
