10:45:23.386 [JavaFX Application Thread] DEBUG GameApplication      - Logger initialized
10:45:23.412 [JavaFX Application Thread] DEBUG GameApplication      - Logging settings
Title: Pac-Man
Version: 0.1
Width: 800
Height: 800
Fullscreen: false
Intro: false
Menus: false
Profiling: false
Single step:false
App Mode: DEVELOPER
Menu Key: ESCAPE
Stage Style: DECORATED
Scene Factory: class com.almasb.fxgl.scene.SceneFactory
Dialog Factory: class com.almasb.fxgl.ui.FXGLDialogFactory
UI Factory: class com.almasb.fxgl.ui.FXGLUIFactory
Notification Service: class com.almasb.fxgl.gameplay.notification.XboxNotificationView
Exception Handler: class com.almasb.fxgl.app.FXGLExceptionHandler
10:45:23.412 [JavaFX Application Thread] DEBUG GameApplication      - Starting FXGL
10:45:23.438 [JavaFX Application Thread] INFO  FXGL                 - FXGL-0.5.4 on DESKTOP
10:45:23.439 [JavaFX Application Thread] INFO  FXGL                 - Source code and latest versions at: https://github.com/AlmasB/FXGL
10:45:23.444 [JavaFX Application Thread] INFO  FXGL                 -              Join the FXGL chat at: https://gitter.im/AlmasB/FXGL
10:45:23.450 [JavaFX Application Thread] DEBUG FXGL                 - FXGL started
10:45:23.450 [JavaFX Application Thread] DEBUG FXGL                 - Initializing FXGL
10:45:23.537 [JavaFX Application Thread] DEBUG AssetLoader          - Loading from disk: /assets/ui/cursors/fxgl_default.png
10:45:23.615 [JavaFX Application Thread] DEBUG AssetLoader          - Loading from disk: /assets/ui/fonts/VarelaRound-Regular.ttf
10:45:23.876 [JavaFX Application Thread] DEBUG MainWindow           - Creating a JavaFX scene
10:45:23.977 [JavaFX Application Thread] DEBUG MainWindow           - Target settings size: 800.0 x 800.0
10:45:23.978 [JavaFX Application Thread] DEBUG MainWindow           - Scaled scene size:    800.0 x 800.0
10:45:23.978 [JavaFX Application Thread] DEBUG MainWindow           - Scaled ratio: (1.0, 1.0)
10:45:23.984 [JavaFX Application Thread] DEBUG AssetLoader          - Loading from disk: /assets/ui/css/fxgl_dark.css
10:45:23.993 [JavaFX Application Thread] DEBUG AssetLoader          - Loading from disk: /assets/textures/fxgl_icon.png
10:45:24.033 [JavaFX Application Thread] DEBUG MainWindow           - Opening main window
10:45:24.543 [JavaFX Application Thread] DEBUG MainWindow           - Window border size: (6.0, 29.0)
10:45:24.544 [JavaFX Application Thread] DEBUG MainWindow           - Scaled size: 800.0 x 800.0
10:45:24.544 [JavaFX Application Thread] DEBUG MainWindow           - Scaled ratio: (1.0, 1.0)
10:45:24.546 [JavaFX Application Thread] DEBUG MainWindow           - Scene size: 800.0 x 800.0
10:45:24.546 [JavaFX Application Thread] DEBUG MainWindow           - Stage size: 806.0 x 829.0
10:45:24.654 [ForkJoinPool.commonPool-worker-1] DEBUG FS                   - Loaded DesktopFSService
10:45:24.655 [ForkJoinPool.commonPool-worker-1] DEBUG FXGL                 - Loading FXGL system data
10:45:24.674 [ForkJoinPool.commonPool-worker-1] DEBUG DesktopFSService     - Reading from: system\fxgl.bundle
10:45:24.696 [ForkJoinPool.commonPool-worker-1] DEBUG Bundle               - Logging bundle: FXGL
10:45:24.697 [ForkJoinPool.commonPool-worker-1] DEBUG Bundle               - FXGL.offline.timer.version.check=2019-04-03T19:44:36.940
10:45:24.699 [ForkJoinPool.commonPool-worker-1] DEBUG FXGL                 - Initializing state machine and application states
10:45:24.703 [ForkJoinPool.commonPool-worker-1] DEBUG AssetLoader          - Loading from disk: /assets/ui/cursors/fxgl_default.png
10:45:24.718 [ForkJoinPool.commonPool-worker-1] DEBUG AssetLoader          - Loading from disk: /assets/ui/cursors/fxgl_default.png
10:45:24.734 [ForkJoinPool.commonPool-worker-1] DEBUG AssetLoader          - Loading from cache: /assets/ui/fonts/VarelaRound-Regular.ttf
10:45:24.769 [ForkJoinPool.commonPool-worker-1] DEBUG AssetLoader          - Loading from disk: /assets/ui/cursors/fxgl_default.png
10:45:24.780 [ForkJoinPool.commonPool-worker-1] DEBUG GameScene            - Game scene initialized: 800x800
10:45:24.799 [ForkJoinPool.commonPool-worker-1] DEBUG GameWorld            - Game world initialized
10:45:25.000 [ForkJoinPool.commonPool-worker-1] DEBUG PhysicsWorld         - Physics world initialized: appHeight=800, physics.ppm=50,0
10:45:25.065 [ForkJoinPool.commonPool-worker-1] DEBUG Input                - Registered new binding: Pause - Esc
10:45:25.217 [JavaFX Application Thread] DEBUG FXGL                 - Running preInit()
10:45:25.222 [JavaFX Application Thread] DEBUG Input                - Registered new binding: Screenshot - P
10:45:25.223 [JavaFX Application Thread] DEBUG Input                - Registered new binding: Dev Options - CTRL+0
10:45:25.225 [JavaFX Application Thread] DEBUG Input                - Registered new binding: System info dump - CTRL+9
10:45:25.229 [JavaFX Application Thread] DEBUG Input                - Registered new binding: Restart - CTRL+R
10:45:25.231 [JavaFX Application Thread] DEBUG Input                - Registered new binding: Play Sound - F
10:45:25.231 [JavaFX Application Thread] DEBUG Input                - Registered new binding: Right - Right
10:45:25.231 [JavaFX Application Thread] DEBUG Input                - Registered new binding: Left - Left
10:45:25.232 [JavaFX Application Thread] DEBUG Input                - Registered new binding: Up - Up
10:45:25.232 [JavaFX Application Thread] DEBUG Input                - Registered new binding: Down - Down
10:45:25.234 [JavaFX Application Thread] INFO  FXGL                 - FXGL initialization took: 1,782 sec
10:45:25.234 [JavaFX Application Thread] DEBUG LoopRunner           - Starting loop
10:45:25.242 [JavaFX Application Thread] DEBUG StartupState         - STARTUP
10:45:25.242 [JavaFX Application Thread] DEBUG GameApplication      - Starting new game
10:45:25.243 [JavaFX Application Thread] DEBUG Input                - Clearing active input actions
10:45:25.245 [JavaFX Application Thread] DEBUG AssetLoader          - Loading from disk: /assets/ui/css/fxgl_dark.css
10:45:25.262 [JavaFX Application Thread] DEBUG AppStateMachine      - StartupState -> LoadingState
10:45:25.288 [FXGL Background Thread 1 ] DEBUG InitAppTask          - Clearing previous game
10:45:25.289 [FXGL Background Thread 1 ] DEBUG GameWorld            - Clearing game world
10:45:25.289 [FXGL Background Thread 1 ] DEBUG PhysicsWorld         - Clearing physics world
10:45:25.289 [FXGL Background Thread 1 ] DEBUG GameScene            - Clearing game scene
10:45:25.292 [FXGL Background Thread 1 ] DEBUG InitAppTask          - Initializing Game
10:45:25.482 [FXGL Background Thread 1 ] DEBUG AssetLoader          - Loading from disk: /assets/textures/player.png
10:45:25.499 [FXGL Background Thread 1 ] DEBUG AssetLoader          - Loading from cache: /assets/textures/player.png
10:45:25.500 [FXGL Background Thread 1 ] DEBUG AssetLoader          - Loading from cache: /assets/textures/player.png
10:45:25.504 [FXGL Background Thread 1 ] DEBUG GameScene            - Creating render group for layer: DEFAULT(100000)
10:45:25.510 [FXGL Background Thread 1 ] DEBUG AssetLoader          - Loading from disk: /assets/text/pacman_level.txt
10:45:25.832 [FXGL Background Thread 1 ] DEBUG InitAppTask          - Initializing Physics
10:45:25.833 [FXGL Background Thread 1 ] DEBUG InitAppTask          - Initializing UI
10:45:25.835 [FXGL Background Thread 1 ] DEBUG InitAppTask          - Initialization Complete
10:45:25.835 [FXGL Background Thread 1 ] INFO  InitAppTask          - Game initialization took: 0,547 sec
10:45:25.837 [JavaFX Application Thread] DEBUG Input                - Clearing active input actions
10:45:25.837 [JavaFX Application Thread] DEBUG AssetLoader          - Loading from disk: /assets/ui/css/fxgl_dark.css
10:45:25.904 [JavaFX Application Thread] DEBUG AppStateMachine      - LoadingState -> PlayState
10:45:30.657 [JavaFX Application Thread] DEBUG FXGL                 - Exiting FXGL
10:45:30.657 [JavaFX Application Thread] DEBUG FXGL                 - Shutting down background threads
10:45:30.658 [JavaFX Application Thread] DEBUG FXGL                 - Saving FXGL system data
10:45:30.661 [JavaFX Application Thread] DEBUG DesktopFSService     - Writing to: system\fxgl.bundle
10:45:30.666 [JavaFX Application Thread] DEBUG FXGL                 - Closing logger and exiting JavaFX
